{"message":"Executing (default): CREATE TABLE IF NOT EXISTS `students` (`libraryId` VARCHAR(255) , `name` VARCHAR(255), `email` VARCHAR(255), `encryptedPassword` VARCHAR(255), `hostel` VARCHAR(255), `createdAt` DATETIME NOT NULL, `updatedAt` DATETIME NOT NULL, PRIMARY KEY (`libraryId`)) ENGINE=InnoDB;","level":"info","service":"user-service"}
{"message":"Executing (default): SHOW FULL COLUMNS FROM `students`;","level":"info","service":"user-service"}
{"message":"Executing (default): SELECT CONSTRAINT_NAME as constraint_name,CONSTRAINT_NAME as constraintName,CONSTRAINT_SCHEMA as constraintSchema,CONSTRAINT_SCHEMA as constraintCatalog,TABLE_NAME as tableName,TABLE_SCHEMA as tableSchema,TABLE_SCHEMA as tableCatalog,COLUMN_NAME as columnName,REFERENCED_TABLE_SCHEMA as referencedTableSchema,REFERENCED_TABLE_SCHEMA as referencedTableCatalog,REFERENCED_TABLE_NAME as referencedTableName,REFERENCED_COLUMN_NAME as referencedColumnName FROM INFORMATION_SCHEMA.KEY_COLUMN_USAGE where TABLE_NAME = 'students' AND CONSTRAINT_NAME!='PRIMARY' AND CONSTRAINT_SCHEMA='MealManager' AND REFERENCED_TABLE_NAME IS NOT NULL;","level":"info","service":"user-service"}
{"message":"Executing (default): ALTER TABLE `students` CHANGE `name` `name` VARCHAR(255);","level":"info","service":"user-service"}
{"message":"Executing (default): ALTER TABLE `students` CHANGE `email` `email` VARCHAR(255);","level":"info","service":"user-service"}
{"message":"Executing (default): ALTER TABLE `students` CHANGE `encryptedPassword` `encryptedPassword` VARCHAR(255);","level":"info","service":"user-service"}
{"message":"Executing (default): ALTER TABLE `students` CHANGE `hostel` `hostel` VARCHAR(255);","level":"info","service":"user-service"}
{"message":"Executing (default): ALTER TABLE `students` CHANGE `createdAt` `createdAt` DATETIME NOT NULL;","level":"info","service":"user-service"}
{"message":"Executing (default): ALTER TABLE `students` CHANGE `updatedAt` `updatedAt` DATETIME NOT NULL;","level":"info","service":"user-service"}
{"message":"Executing (default): SHOW INDEX FROM `students`","level":"info","service":"user-service"}
{"message":"Executing (default): CREATE TABLE IF NOT EXISTS `meals` (`library_id` VARCHAR(255) , `breakfast` TINYINT(1), `lunch` TINYINT(1), `snacks` TINYINT(1), `dinner` TINYINT(1), `createdAt` DATETIME NOT NULL, `updatedAt` DATETIME NOT NULL, PRIMARY KEY (`library_id`), FOREIGN KEY (`library_id`) REFERENCES `students` (`libraryId`)) ENGINE=InnoDB;","level":"info","service":"user-service"}
{"message":"Executing (default): SHOW FULL COLUMNS FROM `meals`;","level":"info","service":"user-service"}
{"message":"Executing (default): SELECT CONSTRAINT_NAME as constraint_name,CONSTRAINT_NAME as constraintName,CONSTRAINT_SCHEMA as constraintSchema,CONSTRAINT_SCHEMA as constraintCatalog,TABLE_NAME as tableName,TABLE_SCHEMA as tableSchema,TABLE_SCHEMA as tableCatalog,COLUMN_NAME as columnName,REFERENCED_TABLE_SCHEMA as referencedTableSchema,REFERENCED_TABLE_SCHEMA as referencedTableCatalog,REFERENCED_TABLE_NAME as referencedTableName,REFERENCED_COLUMN_NAME as referencedColumnName FROM INFORMATION_SCHEMA.KEY_COLUMN_USAGE where TABLE_NAME = 'meals' AND CONSTRAINT_NAME!='PRIMARY' AND CONSTRAINT_SCHEMA='MealManager' AND REFERENCED_TABLE_NAME IS NOT NULL;","level":"info","service":"user-service"}
{"message":"Executing (default): ALTER TABLE `meals` CHANGE `breakfast` `breakfast` TINYINT(1);","level":"info","service":"user-service"}
{"message":"Executing (default): ALTER TABLE `meals` CHANGE `lunch` `lunch` TINYINT(1);","level":"info","service":"user-service"}
{"message":"Executing (default): ALTER TABLE `meals` CHANGE `snacks` `snacks` TINYINT(1);","level":"info","service":"user-service"}
{"message":"Executing (default): ALTER TABLE `meals` CHANGE `dinner` `dinner` TINYINT(1);","level":"info","service":"user-service"}
{"message":"Executing (default): ALTER TABLE `meals` CHANGE `createdAt` `createdAt` DATETIME NOT NULL;","level":"info","service":"user-service"}
{"message":"Executing (default): ALTER TABLE `meals` CHANGE `updatedAt` `updatedAt` DATETIME NOT NULL;","level":"info","service":"user-service"}
{"message":"Executing (default): SHOW INDEX FROM `meals`","level":"info","service":"user-service"}
{"message":"Successfully connected to MySQL server.","level":"info","service":"user-service"}
{"message":"Executing (default): UPDATE `meals` SET `breakfast`=?,`updatedAt`=? WHERE `library_id` = ?","level":"info","service":"user-service"}
{"message":"Executing (default): INSERT INTO `meals` (`library_id`,`breakfast`,`lunch`,`snacks`,`dinner`,`createdAt`,`updatedAt`) VALUES (?,?,?,?,?,?,?);","level":"info","service":"user-service"}
{"message":"Validation error","level":"error","service":"user-service"}
{"message":"Executing (default): SELECT `library_id`, `breakfast`, `lunch`, `snacks`, `dinner`, `createdAt`, `updatedAt` FROM `meals` AS `meals`;","level":"info","service":"user-service"}
